src/app/build/outputs/logs/manifest-merger-debug-report.txt
-- Merging decision tree log ---
manifest
ADDED from src\main\AndroidManifest.xml:17:1-48:12
	package
		ADDED from src\main\AndroidManifest.xml:18:5-56
		INJECTED from src\main\AndroidManifest.xml
		INJECTED from src\main\AndroidManifest.xml
	android:versionName
		ADDED from src\main\AndroidManifest.xml:20:5-28
		INJECTED from src\main\AndroidManifest.xml
		INJECTED from src\main\AndroidManifest.xml
	android:versionCode
		ADDED from src\main\AndroidManifest.xml:19:5-28
		INJECTED from src\main\AndroidManifest.xml
		INJECTED from src\main\AndroidManifest.xml
	xmlns:android
		ADDED from src\main\AndroidManifest.xml:17:11-69
uses-sdk
ADDED from src\main\AndroidManifest.xml:22:5-24:41
MERGED from [:tango_ux_support_library:] AndroidManifest.xml:22:5-24:41
MERGED from [:tango_support_java_lib:] AndroidManifest.xml:4:5-74
MERGED from [org.rajawali3d:rajawali:1.0.325] AndroidManifest.xml:8:5-10:41
MERGED from [com.android.support:appcompat-v7:23.0.0] AndroidManifest.xml:20:5-43
MERGED from [com.android.support:support-v4:23.0.0] AndroidManifest.xml:20:5-43
	android:targetSdkVersion
		ADDED from src\main\AndroidManifest.xml:24:9-38
		INJECTED from src\main\AndroidManifest.xml
		INJECTED from src\main\AndroidManifest.xml
	android:minSdkVersion
		ADDED from src\main\AndroidManifest.xml:23:9-35
		INJECTED from src\main\AndroidManifest.xml
		INJECTED from src\main\AndroidManifest.xml
uses-permission#android.permission.CAMERA
ADDED from src\main\AndroidManifest.xml:26:5-65
MERGED from [:tango_support_java_lib:] AndroidManifest.xml:9:1-61
	android:name
		ADDED from src\main\AndroidManifest.xml:26:22-62
application
ADDED from src\main\AndroidManifest.xml:28:5-46:19
MERGED from [com.android.support:appcompat-v7:23.0.0] AndroidManifest.xml:22:5-20
MERGED from [com.android.support:support-v4:23.0.0] AndroidManifest.xml:22:5-20
	android:label
		ADDED from src\main\AndroidManifest.xml:31:9-41
	android:allowBackup
		ADDED from src\main\AndroidManifest.xml:29:9-35
	android:icon
		ADDED from src\main\AndroidManifest.xml:30:9-45
	android:theme
		ADDED from src\main\AndroidManifest.xml:32:9-40
uses-library#com.projecttango.libtango_device2
ADDED from src\main\AndroidManifest.xml:33:9-35:39
	android:required
		ADDED from src\main\AndroidManifest.xml:35:13-36
	android:name
		ADDED from src\main\AndroidManifest.xml:34:13-61
activity#com.projecttango.examples.java.pointcloud.PointCloudActivity
ADDED from src\main\AndroidManifest.xml:36:9-45:20
	android:label
		ADDED from src\main\AndroidManifest.xml:38:13-50
	android:configChanges
		ADDED from src\main\AndroidManifest.xml:39:13-59
	android:name
		ADDED from src\main\AndroidManifest.xml:37:13-47
intent-filter#android.intent.action.MAIN+android.intent.category.LAUNCHER
ADDED from src\main\AndroidManifest.xml:40:13-44:29
	android:label
		ADDED from src\main\AndroidManifest.xml:40:28-60
action#android.intent.action.MAIN
ADDED from src\main\AndroidManifest.xml:41:17-69
	android:name
		ADDED from src\main\AndroidManifest.xml:41:25-66
category#android.intent.category.LAUNCHER
ADDED from src\main\AndroidManifest.xml:43:17-77
	android:name
		ADDED from src\main\AndroidManifest.xml:43:27-74
uses-permission#android.permission.READ_EXTERNAL_STORAGE
ADDED from [:tango_support_java_lib:] AndroidManifest.xml:6:1-76
	android:name
		ADDED from [:tango_support_java_lib:] AndroidManifest.xml:6:18-73
uses-permission#android.permission.WRITE_EXTERNAL_STORAGE
ADDED from [:tango_support_java_lib:] AndroidManifest.xml:7:5-81
	android:name
		ADDED from [:tango_support_java_lib:] AndroidManifest.xml:7:22-78
android:uses-permission#android.permission.READ_EXTERNAL_STORAGE
IMPLIED from src\main\AndroidManifest.xml:17:1-48:12 reason: com.projecttango.tangosupport requested WRITE_EXTERNAL_STORAGE